TN:
SF:src\modules\comment\services\CreateCommentServices.ts
FN:1,(empty-report)
FNF:1
FNH:0
FNDA:0,(empty-report)
DA:1,0
DA:2,0
DA:3,0
DA:4,0
DA:5,0
DA:6,0
DA:7,0
DA:8,0
DA:9,0
DA:10,0
DA:11,0
DA:12,0
DA:13,0
DA:14,0
DA:15,0
DA:16,0
DA:17,0
DA:18,0
DA:19,0
DA:20,0
DA:21,0
DA:22,0
DA:23,0
LF:23
LH:0
BRDA:1,0,0,0
BRF:1
BRH:0
end_of_record
TN:
SF:src\modules\post\services\CreatePostServices.ts
FN:1,(empty-report)
FNF:1
FNH:0
FNDA:0,(empty-report)
DA:1,0
DA:2,0
DA:3,0
DA:4,0
DA:5,0
DA:6,0
DA:7,0
DA:8,0
DA:9,0
DA:10,0
DA:11,0
DA:12,0
DA:13,0
DA:14,0
DA:15,0
DA:16,0
DA:17,0
DA:18,0
DA:19,0
DA:20,0
DA:21,0
DA:22,0
DA:23,0
DA:24,0
DA:25,0
DA:26,0
DA:27,0
DA:28,0
DA:29,0
DA:30,0
DA:31,0
DA:32,0
DA:33,0
DA:34,0
DA:35,0
DA:36,0
DA:37,0
LF:37
LH:0
BRDA:1,0,0,0
BRF:1
BRH:0
end_of_record
TN:
SF:src\modules\post\services\ListPostDetailsServices.ts
FN:1,(empty-report)
FNF:1
FNH:0
FNDA:0,(empty-report)
DA:1,0
DA:2,0
DA:3,0
DA:4,0
DA:5,0
DA:6,0
DA:7,0
DA:8,0
DA:9,0
DA:10,0
DA:11,0
DA:12,0
DA:13,0
DA:14,0
DA:15,0
DA:16,0
DA:17,0
DA:18,0
DA:19,0
DA:20,0
DA:21,0
DA:22,0
DA:23,0
DA:24,0
DA:25,0
LF:25
LH:0
BRDA:1,0,0,0
BRF:1
BRH:0
end_of_record
TN:
SF:src\modules\user\services\AuthenticatedUserServices.ts
FN:46,__decorate
FN:46,__metadata
FN:46,__param
FN:46,__awaiter
FN:46,adopt
FN:46,fulfilled
FN:46,rejected
FN:46,step
FN:46,__generator
FN:46,sent
FN:46,g.<computed>
FN:46,verb
FN:46,step
FN:46,__importDefault
FN:17,AuthenticatedUserServices
FN:22,AuthenticatedUserServices.execute
FNF:16
FNH:14
FNDA:1,__decorate
FNDA:1,__metadata
FNDA:1,__param
FNDA:3,__awaiter
FNDA:5,adopt
FNDA:5,fulfilled
FNDA:0,rejected
FNDA:6,step
FNDA:3,__generator
FNDA:5,sent
FNDA:0,g.<computed>
FNDA:9,verb
FNDA:8,step
FNDA:2,__importDefault
FNDA:2,AuthenticatedUserServices
FNDA:3,AuthenticatedUserServices.execute
DA:1,1
DA:2,1
DA:3,1
DA:4,1
DA:5,1
DA:6,1
DA:7,1
DA:8,1
DA:9,1
DA:10,1
DA:11,1
DA:12,1
DA:13,1
DA:14,1
DA:15,1
DA:16,1
DA:17,1
DA:18,2
DA:19,2
DA:20,2
DA:21,1
DA:22,1
DA:23,3
DA:24,3
DA:25,3
DA:26,1
DA:27,1
DA:28,2
DA:29,2
DA:30,3
DA:31,3
DA:32,1
DA:33,1
DA:34,1
DA:35,1
DA:36,1
DA:37,1
DA:38,1
DA:39,1
DA:40,1
DA:41,1
DA:42,1
DA:43,3
DA:44,1
DA:45,1
DA:46,1
LF:46
LH:46
BRDA:46,0,0,1
BRDA:46,1,0,1
BRDA:46,2,0,0
BRDA:46,3,0,0
BRDA:46,4,0,0
BRDA:46,5,0,0
BRDA:46,6,0,1
BRDA:46,7,0,1
BRDA:46,8,0,1
BRDA:46,9,0,3
BRDA:46,10,0,5
BRDA:46,11,0,0
BRDA:46,12,0,3
BRDA:46,13,0,5
BRDA:46,14,0,3
BRDA:46,15,0,2
BRDA:46,16,0,6
BRDA:46,17,0,1
BRDA:46,18,0,5
BRDA:46,19,0,3
BRDA:46,20,0,5
BRDA:46,21,0,0
BRDA:46,22,0,9
BRDA:46,23,0,8
BRDA:46,24,0,8
BRDA:46,25,0,0
BRDA:46,26,0,16
BRDA:46,27,0,0
BRDA:46,28,0,0
BRDA:46,29,0,0
BRDA:46,30,0,0
BRDA:46,31,0,8
BRDA:46,32,0,8
BRDA:46,33,0,5
BRDA:46,34,0,0
BRDA:46,35,0,0
BRDA:46,36,0,3
BRDA:46,37,0,0
BRDA:46,38,0,1
BRDA:46,39,0,0
BRDA:46,40,0,0
BRDA:46,41,0,0
BRDA:46,42,0,0
BRDA:46,43,0,8
BRDA:46,44,0,6
BRDA:46,45,0,2
BRDA:46,46,0,8
BRDA:46,47,0,3
BRDA:46,48,0,2
BRDA:46,49,0,1
BRDA:46,50,0,0
BRDA:46,51,0,2
BRDA:46,52,0,0
BRDA:16,53,0,1
BRDA:17,54,0,2
BRDA:22,55,0,3
BRDA:46,56,0,3
BRDA:46,57,0,8
BRDA:23,58,0,3
BRDA:46,59,0,3
BRDA:25,60,0,1
BRDA:27,61,0,2
BRDA:46,62,0,2
BRDA:31,63,0,1
BRF:64
BRH:44
end_of_record
TN:
SF:src\modules\user\services\CreateUserServices.ts
FN:38,__decorate
FN:38,__metadata
FN:38,__param
FN:38,__awaiter
FN:38,adopt
FN:38,fulfilled
FN:38,rejected
FN:38,step
FN:38,__generator
FN:38,sent
FN:38,g.<computed>
FN:38,verb
FN:38,step
FN:38,__importDefault
FN:18,CreateUserService
FN:23,CreateUserService.execute
FNF:16
FNH:14
FNDA:3,__decorate
FNDA:3,__metadata
FNDA:3,__param
FNDA:6,__awaiter
FNDA:16,adopt
FNDA:16,fulfilled
FNDA:0,rejected
FNDA:21,step
FNDA:6,__generator
FNDA:16,sent
FNDA:0,g.<computed>
FNDA:18,verb
FNDA:22,step
FNDA:3,__importDefault
FNDA:5,CreateUserService
FNDA:6,CreateUserService.execute
DA:1,1
DA:2,1
DA:3,1
DA:4,1
DA:5,1
DA:6,1
DA:7,1
DA:8,1
DA:9,1
DA:10,1
DA:11,1
DA:12,1
DA:13,1
DA:14,1
DA:15,1
DA:16,1
DA:17,3
DA:18,3
DA:19,5
DA:20,5
DA:21,5
DA:22,3
DA:23,3
DA:24,6
DA:25,6
DA:26,6
DA:27,1
DA:28,1
DA:29,5
DA:30,5
DA:31,6
DA:32,6
DA:33,6
DA:34,6
DA:35,6
DA:36,3
DA:37,1
DA:38,1
LF:38
LH:38
BRDA:38,0,0,3
BRDA:38,1,0,3
BRDA:38,2,0,0
BRDA:38,3,0,0
BRDA:38,4,0,0
BRDA:38,5,0,0
BRDA:38,6,0,3
BRDA:38,7,0,3
BRDA:38,8,0,3
BRDA:38,9,0,6
BRDA:38,10,0,16
BRDA:38,11,0,0
BRDA:38,12,0,6
BRDA:38,13,0,16
BRDA:38,14,0,15
BRDA:38,15,0,1
BRDA:38,16,0,21
BRDA:38,17,0,5
BRDA:38,18,0,16
BRDA:38,19,0,6
BRDA:38,20,0,16
BRDA:38,21,0,0
BRDA:38,22,0,18
BRDA:38,23,0,22
BRDA:38,24,0,22
BRDA:38,25,0,0
BRDA:38,26,0,44
BRDA:38,27,0,0
BRDA:38,28,0,0
BRDA:38,29,0,0
BRDA:38,30,0,0
BRDA:38,31,0,22
BRDA:38,32,0,22
BRDA:38,33,0,16
BRDA:38,34,0,0
BRDA:38,35,0,0
BRDA:38,36,0,6
BRDA:38,37,0,0
BRDA:38,38,0,5
BRDA:38,39,0,0
BRDA:38,40,0,0
BRDA:38,41,0,0
BRDA:38,42,0,0
BRDA:38,43,0,32
BRDA:38,44,0,22
BRDA:38,45,0,21
BRDA:38,46,0,1
BRDA:38,47,0,22
BRDA:38,48,0,6
BRDA:38,49,0,1
BRDA:38,50,0,5
BRDA:38,51,0,0
BRDA:38,52,0,3
BRDA:38,53,0,0
BRDA:17,54,0,3
BRDA:18,55,0,5
BRDA:23,56,0,6
BRDA:38,57,0,6
BRDA:38,58,0,22
BRDA:24,59,0,6
BRDA:38,60,0,6
BRDA:26,61,0,1
BRDA:28,62,0,5
BRDA:38,63,0,5
BRDA:38,64,0,5
BRF:65
BRH:45
end_of_record
TN:
SF:src\modules\user\services\ListAllUserServices.ts
FN:28,__decorate
FN:28,__metadata
FN:28,__param
FN:28,__awaiter
FN:28,adopt
FN:28,fulfilled
FN:28,rejected
FN:28,step
FN:28,__generator
FN:28,sent
FN:28,g.<computed>
FN:28,verb
FN:28,step
FN:9,ListAllUserServices
FN:14,ListAllUserServices.execute
FNF:15
FNH:13
FNDA:1,__decorate
FNDA:1,__metadata
FNDA:1,__param
FNDA:1,__awaiter
FNDA:1,adopt
FNDA:1,fulfilled
FNDA:0,rejected
FNDA:2,step
FNDA:1,__generator
FNDA:1,sent
FNDA:0,g.<computed>
FNDA:3,verb
FNDA:2,step
FNDA:1,ListAllUserServices
FNDA:1,ListAllUserServices.execute
DA:1,1
DA:2,1
DA:3,1
DA:4,1
DA:5,1
DA:6,1
DA:7,1
DA:8,1
DA:9,1
DA:10,1
DA:11,1
DA:12,1
DA:13,1
DA:14,1
DA:15,1
DA:16,1
DA:17,1
DA:18,1
DA:19,1
DA:20,1
DA:21,1
DA:22,1
DA:23,1
DA:24,1
DA:25,1
DA:26,1
DA:27,1
DA:28,1
LF:28
LH:28
BRDA:28,0,0,1
BRDA:28,1,0,1
BRDA:28,2,0,0
BRDA:28,3,0,0
BRDA:28,4,0,0
BRDA:28,5,0,0
BRDA:28,6,0,1
BRDA:28,7,0,1
BRDA:28,8,0,1
BRDA:28,9,0,1
BRDA:28,10,0,1
BRDA:28,11,0,0
BRDA:28,12,0,1
BRDA:28,13,0,1
BRDA:28,14,0,0
BRDA:28,15,0,2
BRDA:28,16,0,1
BRDA:28,17,0,1
BRDA:28,18,0,1
BRDA:28,19,0,1
BRDA:28,20,0,0
BRDA:28,21,0,3
BRDA:28,22,0,2
BRDA:28,23,0,2
BRDA:28,24,0,0
BRDA:28,25,0,4
BRDA:28,26,0,0
BRDA:28,27,0,0
BRDA:28,28,0,0
BRDA:28,29,0,0
BRDA:28,30,0,2
BRDA:28,31,0,2
BRDA:28,32,0,1
BRDA:28,33,0,0
BRDA:28,34,0,0
BRDA:28,35,0,1
BRDA:28,36,0,0
BRDA:28,37,0,0
BRDA:28,38,0,0
BRDA:28,39,0,0
BRDA:28,40,0,0
BRDA:28,41,0,2
BRDA:28,42,0,0
BRDA:28,43,0,2
BRDA:28,44,0,1
BRDA:28,45,0,0
BRDA:28,46,0,1
BRDA:28,47,0,0
BRDA:8,48,0,1
BRDA:9,49,0,1
BRDA:14,50,0,1
BRDA:28,51,0,1
BRDA:28,52,0,2
BRDA:15,53,0,1
BRDA:28,54,0,1
BRDA:17,55,0,1
BRF:56
BRH:34
end_of_record
